<?xml version="1.0" encoding="UTF-8"?>
<!-- Generated by org.testng.reporters.JUnitXMLReporter -->
<testsuite ignored="0" hostname="DESKTOP-OA9KTJF" failures="0" tests="4" name="Test" time="70.838" errors="0" timestamp="2022-12-19T11:51:24 IST">
  <testcase classname="testcases.regression.ValidateLoginDataProviderExcel" name="validateLoginTest" time="2.085"/>
  <testcase classname="testcases.regression.ValidateLoginDataProviderExcel" name="validateLoginTest" time="1.032"/>
  <testcase classname="testcases.regression.ValidateLoginDataProviderExcel" name="validateLoginTest" time="1.404"/>
  <testcase classname="testcases.regression.ValidateLoginDataProviderExcel" name="validateLoginTest" time="1.411"/>
</testsuite> <!-- Test -->
