<?xml version="1.0" encoding="UTF-8"?>
<testng-results ignored="0" total="4" passed="4" failed="0" skipped="0">
  <reporter-output>
  </reporter-output>
  <suite started-at="2022-12-19T11:50:13 IST" name="Suite" finished-at="2022-12-19T11:51:24 IST" duration-ms="70838">
    <groups>
    </groups>
    <test started-at="2022-12-19T11:50:13 IST" name="Test" finished-at="2022-12-19T11:51:24 IST" duration-ms="70838">
      <class name="testcases.regression.ValidateLoginDataProviderExcel">
        <test-method is-config="true" signature="beforTest()[pri:0, instance:testcases.regression.ValidateLoginDataProviderExcel@506ae4d4]" started-at="2022-12-19T11:50:13 IST" name="beforTest" finished-at="2022-12-19T11:50:13 IST" duration-ms="8" status="PASS">
          <reporter-output>
          </reporter-output>
        </test-method> <!-- beforTest -->
        <test-method is-config="true" signature="setUp()[pri:0, instance:testcases.regression.ValidateLoginDataProviderExcel@506ae4d4]" started-at="2022-12-19T11:50:14 IST" name="setUp" finished-at="2022-12-19T11:50:24 IST" duration-ms="9240" status="PASS">
          <reporter-output>
          </reporter-output>
        </test-method> <!-- setUp -->
        <test-method signature="validateLoginTest(java.lang.String,java.lang.String,java.lang.String)[pri:0, instance:testcases.regression.ValidateLoginDataProviderExcel@506ae4d4]" started-at="2022-12-19T11:50:24 IST" name="validateLoginTest" data-provider="getData" finished-at="2022-12-19T11:50:26 IST" duration-ms="2085" status="PASS">
          <params>
            <param index="0">
              <value>
                <![CDATA[reyaz0617]]>
              </value>
            </param>
            <param index="1">
              <value>
                <![CDATA[reyaz123]]>
              </value>
            </param>
            <param index="2">
              <value>
                <![CDATA[Adactin.com - Search Hotel]]>
              </value>
            </param>
          </params>
          <reporter-output>
          </reporter-output>
        </test-method> <!-- validateLoginTest -->
        <test-method is-config="true" signature="teardown()[pri:0, instance:testcases.regression.ValidateLoginDataProviderExcel@506ae4d4]" started-at="2022-12-19T11:50:26 IST" name="teardown" finished-at="2022-12-19T11:50:29 IST" duration-ms="3196" status="PASS">
          <reporter-output>
          </reporter-output>
        </test-method> <!-- teardown -->
        <test-method is-config="true" signature="setUp()[pri:0, instance:testcases.regression.ValidateLoginDataProviderExcel@506ae4d4]" started-at="2022-12-19T11:50:29 IST" name="setUp" finished-at="2022-12-19T11:50:34 IST" duration-ms="5560" status="PASS">
          <reporter-output>
          </reporter-output>
        </test-method> <!-- setUp -->
        <test-method signature="validateLoginTest(java.lang.String,java.lang.String,java.lang.String)[pri:0, instance:testcases.regression.ValidateLoginDataProviderExcel@506ae4d4]" started-at="2022-12-19T11:50:34 IST" name="validateLoginTest" data-provider="getData" finished-at="2022-12-19T11:50:35 IST" duration-ms="1032" status="PASS">
          <params>
            <param index="0">
              <value>
                <![CDATA[reyaz0617]]>
              </value>
            </param>
            <param index="1">
              <value>
                <![CDATA[reyaz456]]>
              </value>
            </param>
            <param index="2">
              <value>
                <![CDATA[Adactin.com - Hotel Reservation System]]>
              </value>
            </param>
          </params>
          <reporter-output>
          </reporter-output>
        </test-method> <!-- validateLoginTest -->
        <test-method is-config="true" signature="teardown()[pri:0, instance:testcases.regression.ValidateLoginDataProviderExcel@506ae4d4]" started-at="2022-12-19T11:50:35 IST" name="teardown" finished-at="2022-12-19T11:50:40 IST" duration-ms="4185" status="PASS">
          <reporter-output>
          </reporter-output>
        </test-method> <!-- teardown -->
        <test-method is-config="true" signature="setUp()[pri:0, instance:testcases.regression.ValidateLoginDataProviderExcel@506ae4d4]" started-at="2022-12-19T11:50:40 IST" name="setUp" finished-at="2022-12-19T11:50:45 IST" duration-ms="5549" status="PASS">
          <reporter-output>
          </reporter-output>
        </test-method> <!-- setUp -->
        <test-method signature="validateLoginTest(java.lang.String,java.lang.String,java.lang.String)[pri:0, instance:testcases.regression.ValidateLoginDataProviderExcel@506ae4d4]" started-at="2022-12-19T11:50:45 IST" name="validateLoginTest" data-provider="getData" finished-at="2022-12-19T11:50:47 IST" duration-ms="1404" status="PASS">
          <params>
            <param index="0">
              <value>
                <![CDATA[reyaz1212]]>
              </value>
            </param>
            <param index="1">
              <value>
                <![CDATA[reyaz123]]>
              </value>
            </param>
            <param index="2">
              <value>
                <![CDATA[Adactin.com - Hotel Reservation System]]>
              </value>
            </param>
          </params>
          <reporter-output>
          </reporter-output>
        </test-method> <!-- validateLoginTest -->
        <test-method is-config="true" signature="teardown()[pri:0, instance:testcases.regression.ValidateLoginDataProviderExcel@506ae4d4]" started-at="2022-12-19T11:50:47 IST" name="teardown" finished-at="2022-12-19T11:50:51 IST" duration-ms="4252" status="PASS">
          <reporter-output>
          </reporter-output>
        </test-method> <!-- teardown -->
        <test-method is-config="true" signature="setUp()[pri:0, instance:testcases.regression.ValidateLoginDataProviderExcel@506ae4d4]" started-at="2022-12-19T11:50:51 IST" name="setUp" finished-at="2022-12-19T11:51:18 IST" duration-ms="27592" status="PASS">
          <reporter-output>
          </reporter-output>
        </test-method> <!-- setUp -->
        <test-method signature="validateLoginTest(java.lang.String,java.lang.String,java.lang.String)[pri:0, instance:testcases.regression.ValidateLoginDataProviderExcel@506ae4d4]" started-at="2022-12-19T11:51:18 IST" name="validateLoginTest" data-provider="getData" finished-at="2022-12-19T11:51:20 IST" duration-ms="1411" status="PASS">
          <params>
            <param index="0">
              <value>
                <![CDATA[reyaz1212]]>
              </value>
            </param>
            <param index="1">
              <value>
                <![CDATA[reyaz456]]>
              </value>
            </param>
            <param index="2">
              <value>
                <![CDATA[Adactin.com - Hotel Reservation System]]>
              </value>
            </param>
          </params>
          <reporter-output>
          </reporter-output>
        </test-method> <!-- validateLoginTest -->
        <test-method is-config="true" signature="teardown()[pri:0, instance:testcases.regression.ValidateLoginDataProviderExcel@506ae4d4]" started-at="2022-12-19T11:51:20 IST" name="teardown" finished-at="2022-12-19T11:51:24 IST" duration-ms="4154" status="PASS">
          <reporter-output>
          </reporter-output>
        </test-method> <!-- teardown -->
      </class> <!-- testcases.regression.ValidateLoginDataProviderExcel -->
    </test> <!-- Test -->
  </suite> <!-- Suite -->
</testng-results>
